<?xml version="1.0" encoding="UTF-8"?>
<!-- Generated by org.testng.reporters.JUnitXMLReporter -->
<testsuite ignored="0" hostname="LAPTOP-KJBUO1S7" failures="1" tests="1" name="TestChrome" time="12.431" errors="0" timestamp="2021-06-27T12:21:56 IST">
  <testcase classname="com.DemoFramework.Test.LoginTest" name="verifyLoginTestTC_001" time="0.779">
    <failure type="java.lang.AssertionError" message="expected [nmcmcmc] but found [Facebook - लॉग इन किंवा साइन अप]">
      <![CDATA[java.lang.AssertionError: expected [nmcmcmc] but found [Facebook - लॉग इन किंवा साइन अप]
at com.DemoFramework.Test.LoginTest.verifyLoginTestTC_001(LoginTest.java:36)
at java.base/java.util.ArrayList.forEach(ArrayList.java:1511)
... Removed 33 stack frames]]>
    </failure>
  </testcase> <!-- verifyLoginTestTC_001 -->
</testsuite> <!-- TestChrome -->
